Start testing: May 10 17:01 IST
----------------------------------------------------------
1/1 Testing: BasicTest
1/1 Test: BasicTest
Command: "/home/raj/Codespace/newIdeas/numER/build-tests/tests/test_basic"
Directory: /home/raj/Codespace/newIdeas/numER/build-tests/tests
"BasicTest" start time: May 10 17:01 IST
Output:
----------------------------------------------------------
Running basic array allocation test...
Running eq/not_equal tolerance test...
Running logical and/or/not test...
Running reductions test...
Running linear algebra test...
<end of output>
Test time =   0.00 sec
----------------------------------------------------------
Test Passed.
"BasicTest" end time: May 10 17:01 IST
"BasicTest" time elapsed: 00:00:00
----------------------------------------------------------

End testing: May 10 17:01 IST
